Arguments: 
  /Users/yoonhyemin/.nvm/versions/node/v16.17.1/bin/node /opt/homebrew/bin/yarn add -D @typescript/node

PATH: 
  /Users/yoonhyemin/.nvm/versions/node/v16.17.1/bin:/opt/homebrew/bin:/usr/local/bin:/usr/bin:/bin:/usr/sbin:/sbin

Yarn version: 
  1.22.19

Node version: 
  16.17.1

Platform: 
  darwin arm64

Trace: 
  Error: https://registry.yarnpkg.com/@typescript%2fnode: Not found
      at Request.params.callback [as _callback] (/opt/homebrew/lib/node_modules/yarn/lib/cli.js:66145:18)
      at Request.self.callback (/opt/homebrew/lib/node_modules/yarn/lib/cli.js:140890:22)
      at Request.emit (node:events:513:28)
      at Request.<anonymous> (/opt/homebrew/lib/node_modules/yarn/lib/cli.js:141862:10)
      at Request.emit (node:events:513:28)
      at IncomingMessage.<anonymous> (/opt/homebrew/lib/node_modules/yarn/lib/cli.js:141784:12)
      at Object.onceWrapper (node:events:627:28)
      at IncomingMessage.emit (node:events:525:35)
      at endReadableNT (node:internal/streams/readable:1358:12)
      at processTicksAndRejections (node:internal/process/task_queues:83:21)

npm manifest: 
  {
    "name": "sample",
    "version": "1.0.0",
    "main": "index.js",
    "license": "MIT",
    "devDependencies": {
      "typescript": "^5.0.4"
    }
  }

yarn manifest: 
  No manifest

Lockfile: 
  # THIS IS AN AUTOGENERATED FILE. DO NOT EDIT THIS FILE DIRECTLY.
  # yarn lockfile v1
  
  
  typescript@^5.0.4:
    version "5.0.4"
    resolved "https://registry.yarnpkg.com/typescript/-/typescript-5.0.4.tgz#b217fd20119bd61a94d4011274e0ab369058da3b"
    integrity sha512-cW9T5W9xY37cc+jfEnaUvX91foxtHkza3Nw3wkoF4sSlKn0MONdkdEndig/qPBWXNkmplh3NzayQzCiHM4/hqw==
